CRITICAL - 2022-12-09 12:53:25 --> Unknown database 'phptutorials'
in APPPATH\Views\treasure_crate.php on line 280.
 1 APPPATH\Views\treasure_crate.php(280): mysqli_connect('localhost', 'root', 'C:\\xampp\\htdocs\\userlogin', 'phptutorials')
 2 SYSTEMPATH\View\View.php(213): include('APPPATH\\Views\\treasure_crate.php')
 3 SYSTEMPATH\View\View.php(216): CodeIgniter\View\View->CodeIgniter\View\{closure}()
 4 SYSTEMPATH\Common.php(1134): CodeIgniter\View\View->render('treasure_crate', [], true)
 5 APPPATH\Controllers\User.php(171): view('treasure_crate')
 6 SYSTEMPATH\CodeIgniter.php(927): App\Controllers\User->treasure_crate()
 7 SYSTEMPATH\CodeIgniter.php(482): CodeIgniter\CodeIgniter->runController(Object(App\Controllers\User))
 8 SYSTEMPATH\CodeIgniter.php(351): CodeIgniter\CodeIgniter->handleRequest(null, Object(Config\Cache), false)
 9 FCPATH\index.php(68): CodeIgniter\CodeIgniter->run()
CRITICAL - 2022-12-09 12:54:23 --> Table 'upload.users' doesn't exist
in APPPATH\Views\treasure_crate.php on line 286.
 1 APPPATH\Views\treasure_crate.php(286): mysqli_query(Object(mysqli), 'SELECT * FROM users WHERE CONCAT(firstname,lastname,email) LIKE \'%test%\' ')
 2 SYSTEMPATH\View\View.php(213): include('APPPATH\\Views\\treasure_crate.php')
 3 SYSTEMPATH\View\View.php(216): CodeIgniter\View\View->CodeIgniter\View\{closure}()
 4 SYSTEMPATH\Common.php(1134): CodeIgniter\View\View->render('treasure_crate', [], true)
 5 APPPATH\Controllers\User.php(171): view('treasure_crate')
 6 SYSTEMPATH\CodeIgniter.php(927): App\Controllers\User->treasure_crate()
 7 SYSTEMPATH\CodeIgniter.php(482): CodeIgniter\CodeIgniter->runController(Object(App\Controllers\User))
 8 SYSTEMPATH\CodeIgniter.php(351): CodeIgniter\CodeIgniter->handleRequest(null, Object(Config\Cache), false)
 9 FCPATH\index.php(68): CodeIgniter\CodeIgniter->run()
CRITICAL - 2022-12-09 12:55:22 --> Unknown column 'firstname' in 'where clause'
in APPPATH\Views\treasure_crate.php on line 286.
 1 APPPATH\Views\treasure_crate.php(286): mysqli_query(Object(mysqli), 'SELECT * FROM fileup WHERE CONCAT(firstname,lastname,email) LIKE \'%test%\' ')
 2 SYSTEMPATH\View\View.php(213): include('APPPATH\\Views\\treasure_crate.php')
 3 SYSTEMPATH\View\View.php(216): CodeIgniter\View\View->CodeIgniter\View\{closure}()
 4 SYSTEMPATH\Common.php(1134): CodeIgniter\View\View->render('treasure_crate', [], true)
 5 APPPATH\Controllers\User.php(171): view('treasure_crate')
 6 SYSTEMPATH\CodeIgniter.php(927): App\Controllers\User->treasure_crate()
 7 SYSTEMPATH\CodeIgniter.php(482): CodeIgniter\CodeIgniter->runController(Object(App\Controllers\User))
 8 SYSTEMPATH\CodeIgniter.php(351): CodeIgniter\CodeIgniter->handleRequest(null, Object(Config\Cache), false)
 9 FCPATH\index.php(68): CodeIgniter\CodeIgniter->run()
CRITICAL - 2022-12-09 12:55:46 --> Undefined array key "firstname"
in APPPATH\Views\treasure_crate.php on line 295.
 1 APPPATH\Views\treasure_crate.php(295): CodeIgniter\Debug\Exceptions->errorHandler(2, 'Undefined array key "firstname"', 'APPPATH\\Views\\treasure_crate.php', 295)
 2 SYSTEMPATH\View\View.php(213): include('APPPATH\\Views\\treasure_crate.php')
 3 SYSTEMPATH\View\View.php(216): CodeIgniter\View\View->CodeIgniter\View\{closure}()
 4 SYSTEMPATH\Common.php(1134): CodeIgniter\View\View->render('treasure_crate', [], true)
 5 APPPATH\Controllers\User.php(171): view('treasure_crate')
 6 SYSTEMPATH\CodeIgniter.php(927): App\Controllers\User->treasure_crate()
 7 SYSTEMPATH\CodeIgniter.php(482): CodeIgniter\CodeIgniter->runController(Object(App\Controllers\User))
 8 SYSTEMPATH\CodeIgniter.php(351): CodeIgniter\CodeIgniter->handleRequest(null, Object(Config\Cache), false)
 9 FCPATH\index.php(68): CodeIgniter\CodeIgniter->run()
CRITICAL - 2022-12-09 13:14:49 --> syntax error, unexpected identifier "src", expecting "," or ";"
in APPPATH\Views\treasure_crate.php on line 297.
 1 SYSTEMPATH\View\View.php(216): CodeIgniter\View\View->CodeIgniter\View\{closure}()
 2 SYSTEMPATH\Common.php(1134): CodeIgniter\View\View->render('treasure_crate', [], true)
 3 APPPATH\Controllers\User.php(171): view('treasure_crate')
 4 SYSTEMPATH\CodeIgniter.php(927): App\Controllers\User->treasure_crate()
 5 SYSTEMPATH\CodeIgniter.php(482): CodeIgniter\CodeIgniter->runController(Object(App\Controllers\User))
 6 SYSTEMPATH\CodeIgniter.php(351): CodeIgniter\CodeIgniter->handleRequest(null, Object(Config\Cache), false)
 7 FCPATH\index.php(68): CodeIgniter\CodeIgniter->run()
CRITICAL - 2022-12-09 13:18:15 --> Undefined array key "email"
in APPPATH\Views\treasure_crate.php on line 297.
 1 APPPATH\Views\treasure_crate.php(297): CodeIgniter\Debug\Exceptions->errorHandler(2, 'Undefined array key "email"', 'APPPATH\\Views\\treasure_crate.php', 297)
 2 SYSTEMPATH\View\View.php(213): include('APPPATH\\Views\\treasure_crate.php')
 3 SYSTEMPATH\View\View.php(216): CodeIgniter\View\View->CodeIgniter\View\{closure}()
 4 SYSTEMPATH\Common.php(1134): CodeIgniter\View\View->render('treasure_crate', [], true)
 5 APPPATH\Controllers\User.php(171): view('treasure_crate')
 6 SYSTEMPATH\CodeIgniter.php(927): App\Controllers\User->treasure_crate()
 7 SYSTEMPATH\CodeIgniter.php(482): CodeIgniter\CodeIgniter->runController(Object(App\Controllers\User))
 8 SYSTEMPATH\CodeIgniter.php(351): CodeIgniter\CodeIgniter->handleRequest(null, Object(Config\Cache), false)
 9 FCPATH\index.php(68): CodeIgniter\CodeIgniter->run()
CRITICAL - 2022-12-09 13:23:56 --> Undefined variable $images
in APPPATH\Views\treasure_crate.php on line 297.
 1 APPPATH\Views\treasure_crate.php(297): CodeIgniter\Debug\Exceptions->errorHandler(2, 'Undefined variable $images', 'APPPATH\\Views\\treasure_crate.php', 297)
 2 SYSTEMPATH\View\View.php(213): include('APPPATH\\Views\\treasure_crate.php')
 3 SYSTEMPATH\View\View.php(216): CodeIgniter\View\View->CodeIgniter\View\{closure}()
 4 SYSTEMPATH\Common.php(1134): CodeIgniter\View\View->render('treasure_crate', [], true)
 5 APPPATH\Controllers\User.php(171): view('treasure_crate')
 6 SYSTEMPATH\CodeIgniter.php(927): App\Controllers\User->treasure_crate()
 7 SYSTEMPATH\CodeIgniter.php(482): CodeIgniter\CodeIgniter->runController(Object(App\Controllers\User))
 8 SYSTEMPATH\CodeIgniter.php(351): CodeIgniter\CodeIgniter->handleRequest(null, Object(Config\Cache), false)
 9 FCPATH\index.php(68): CodeIgniter\CodeIgniter->run()
CRITICAL - 2022-12-09 13:36:57 --> Undefined variable $result
in APPPATH\Views\treasure_crate.php on line 297.
 1 APPPATH\Views\treasure_crate.php(297): CodeIgniter\Debug\Exceptions->errorHandler(2, 'Undefined variable $result', 'APPPATH\\Views\\treasure_crate.php', 297)
 2 SYSTEMPATH\View\View.php(213): include('APPPATH\\Views\\treasure_crate.php')
 3 SYSTEMPATH\View\View.php(216): CodeIgniter\View\View->CodeIgniter\View\{closure}()
 4 SYSTEMPATH\Common.php(1134): CodeIgniter\View\View->render('treasure_crate', [], true)
 5 APPPATH\Controllers\User.php(171): view('treasure_crate')
 6 SYSTEMPATH\CodeIgniter.php(927): App\Controllers\User->treasure_crate()
 7 SYSTEMPATH\CodeIgniter.php(482): CodeIgniter\CodeIgniter->runController(Object(App\Controllers\User))
 8 SYSTEMPATH\CodeIgniter.php(351): CodeIgniter\CodeIgniter->handleRequest(null, Object(Config\Cache), false)
 9 FCPATH\index.php(68): CodeIgniter\CodeIgniter->run()
CRITICAL - 2022-12-09 14:03:38 --> Undefined variable $db
in APPPATH\Views\treasure_crate.php on line 300.
 1 APPPATH\Views\treasure_crate.php(300): CodeIgniter\Debug\Exceptions->errorHandler(2, 'Undefined variable $db', 'APPPATH\\Views\\treasure_crate.php', 300)
 2 SYSTEMPATH\View\View.php(213): include('APPPATH\\Views\\treasure_crate.php')
 3 SYSTEMPATH\View\View.php(216): CodeIgniter\View\View->CodeIgniter\View\{closure}()
 4 SYSTEMPATH\Common.php(1134): CodeIgniter\View\View->render('treasure_crate', [], true)
 5 APPPATH\Controllers\User.php(171): view('treasure_crate')
 6 SYSTEMPATH\CodeIgniter.php(927): App\Controllers\User->treasure_crate()
 7 SYSTEMPATH\CodeIgniter.php(482): CodeIgniter\CodeIgniter->runController(Object(App\Controllers\User))
 8 SYSTEMPATH\CodeIgniter.php(351): CodeIgniter\CodeIgniter->handleRequest(null, Object(Config\Cache), false)
 9 FCPATH\index.php(68): CodeIgniter\CodeIgniter->run()
CRITICAL - 2022-12-09 14:36:03 --> Undefined variable $img_src
in APPPATH\Views\treasure_crate.php on line 297.
 1 APPPATH\Views\treasure_crate.php(297): CodeIgniter\Debug\Exceptions->errorHandler(2, 'Undefined variable $img_src', 'APPPATH\\Views\\treasure_crate.php', 297)
 2 SYSTEMPATH\View\View.php(213): include('APPPATH\\Views\\treasure_crate.php')
 3 SYSTEMPATH\View\View.php(216): CodeIgniter\View\View->CodeIgniter\View\{closure}()
 4 SYSTEMPATH\Common.php(1134): CodeIgniter\View\View->render('treasure_crate', [], true)
 5 APPPATH\Controllers\User.php(171): view('treasure_crate')
 6 SYSTEMPATH\CodeIgniter.php(927): App\Controllers\User->treasure_crate()
 7 SYSTEMPATH\CodeIgniter.php(482): CodeIgniter\CodeIgniter->runController(Object(App\Controllers\User))
 8 SYSTEMPATH\CodeIgniter.php(351): CodeIgniter\CodeIgniter->handleRequest(null, Object(Config\Cache), false)
 9 FCPATH\index.php(68): CodeIgniter\CodeIgniter->run()
CRITICAL - 2022-12-09 14:36:22 --> Undefined variable $image
in APPPATH\Views\treasure_crate.php on line 297.
 1 APPPATH\Views\treasure_crate.php(297): CodeIgniter\Debug\Exceptions->errorHandler(2, 'Undefined variable $image', 'APPPATH\\Views\\treasure_crate.php', 297)
 2 SYSTEMPATH\View\View.php(213): include('APPPATH\\Views\\treasure_crate.php')
 3 SYSTEMPATH\View\View.php(216): CodeIgniter\View\View->CodeIgniter\View\{closure}()
 4 SYSTEMPATH\Common.php(1134): CodeIgniter\View\View->render('treasure_crate', [], true)
 5 APPPATH\Controllers\User.php(171): view('treasure_crate')
 6 SYSTEMPATH\CodeIgniter.php(927): App\Controllers\User->treasure_crate()
 7 SYSTEMPATH\CodeIgniter.php(482): CodeIgniter\CodeIgniter->runController(Object(App\Controllers\User))
 8 SYSTEMPATH\CodeIgniter.php(351): CodeIgniter\CodeIgniter->handleRequest(null, Object(Config\Cache), false)
 9 FCPATH\index.php(68): CodeIgniter\CodeIgniter->run()
CRITICAL - 2022-12-09 14:40:45 --> require_once(dbConfig.php): Failed to open stream: No such file or directory
in APPPATH\Views\treasure_crate.php on line 298.
 1 APPPATH\Views\treasure_crate.php(298): CodeIgniter\Debug\Exceptions->errorHandler(2, 'require_once(dbConfig.php): Failed to open stream: No such file or directory', 'APPPATH\\Views\\treasure_crate.php', 298)
 2 APPPATH\Views\treasure_crate.php(298): require_once()
 3 SYSTEMPATH\View\View.php(213): include('APPPATH\\Views\\treasure_crate.php')
 4 SYSTEMPATH\View\View.php(216): CodeIgniter\View\View->CodeIgniter\View\{closure}()
 5 SYSTEMPATH\Common.php(1134): CodeIgniter\View\View->render('treasure_crate', [], true)
 6 APPPATH\Controllers\User.php(171): view('treasure_crate')
 7 SYSTEMPATH\CodeIgniter.php(927): App\Controllers\User->treasure_crate()
 8 SYSTEMPATH\CodeIgniter.php(482): CodeIgniter\CodeIgniter->runController(Object(App\Controllers\User))
 9 SYSTEMPATH\CodeIgniter.php(351): CodeIgniter\CodeIgniter->handleRequest(null, Object(Config\Cache), false)
10 FCPATH\index.php(68): CodeIgniter\CodeIgniter->run()
CRITICAL - 2022-12-09 14:41:09 --> Undefined variable $db
in APPPATH\Views\treasure_crate.php on line 299.
 1 APPPATH\Views\treasure_crate.php(299): CodeIgniter\Debug\Exceptions->errorHandler(2, 'Undefined variable $db', 'APPPATH\\Views\\treasure_crate.php', 299)
 2 SYSTEMPATH\View\View.php(213): include('APPPATH\\Views\\treasure_crate.php')
 3 SYSTEMPATH\View\View.php(216): CodeIgniter\View\View->CodeIgniter\View\{closure}()
 4 SYSTEMPATH\Common.php(1134): CodeIgniter\View\View->render('treasure_crate', [], true)
 5 APPPATH\Controllers\User.php(171): view('treasure_crate')
 6 SYSTEMPATH\CodeIgniter.php(927): App\Controllers\User->treasure_crate()
 7 SYSTEMPATH\CodeIgniter.php(482): CodeIgniter\CodeIgniter->runController(Object(App\Controllers\User))
 8 SYSTEMPATH\CodeIgniter.php(351): CodeIgniter\CodeIgniter->handleRequest(null, Object(Config\Cache), false)
 9 FCPATH\index.php(68): CodeIgniter\CodeIgniter->run()
CRITICAL - 2022-12-09 14:42:28 --> Table 'upload.images' doesn't exist
in APPPATH\Views\treasure_crate.php on line 305.
 1 APPPATH\Views\treasure_crate.php(305): mysqli->query('SELECT image FROM images ORDER BY id DESC')
 2 SYSTEMPATH\View\View.php(213): include('APPPATH\\Views\\treasure_crate.php')
 3 SYSTEMPATH\View\View.php(216): CodeIgniter\View\View->CodeIgniter\View\{closure}()
 4 SYSTEMPATH\Common.php(1134): CodeIgniter\View\View->render('treasure_crate', [], true)
 5 APPPATH\Controllers\User.php(171): view('treasure_crate')
 6 SYSTEMPATH\CodeIgniter.php(927): App\Controllers\User->treasure_crate()
 7 SYSTEMPATH\CodeIgniter.php(482): CodeIgniter\CodeIgniter->runController(Object(App\Controllers\User))
 8 SYSTEMPATH\CodeIgniter.php(351): CodeIgniter\CodeIgniter->handleRequest(null, Object(Config\Cache), false)
 9 FCPATH\index.php(68): CodeIgniter\CodeIgniter->run()
CRITICAL - 2022-12-09 14:43:20 --> Undefined array key "images"
in APPPATH\Views\treasure_crate.php on line 311.
 1 APPPATH\Views\treasure_crate.php(311): CodeIgniter\Debug\Exceptions->errorHandler(2, 'Undefined array key "images"', 'APPPATH\\Views\\treasure_crate.php', 311)
 2 SYSTEMPATH\View\View.php(213): include('APPPATH\\Views\\treasure_crate.php')
 3 SYSTEMPATH\View\View.php(216): CodeIgniter\View\View->CodeIgniter\View\{closure}()
 4 SYSTEMPATH\Common.php(1134): CodeIgniter\View\View->render('treasure_crate', [], true)
 5 APPPATH\Controllers\User.php(171): view('treasure_crate')
 6 SYSTEMPATH\CodeIgniter.php(927): App\Controllers\User->treasure_crate()
 7 SYSTEMPATH\CodeIgniter.php(482): CodeIgniter\CodeIgniter->runController(Object(App\Controllers\User))
 8 SYSTEMPATH\CodeIgniter.php(351): CodeIgniter\CodeIgniter->handleRequest(null, Object(Config\Cache), false)
 9 FCPATH\index.php(68): CodeIgniter\CodeIgniter->run()
