CRITICAL - 2022-12-10 12:57:01 --> syntax error, unexpected string content "", expecting "-" or identifier or variable or number
in APPPATH\Views\treasure_crate.php on line 300.
 1 SYSTEMPATH\View\View.php(216): CodeIgniter\View\View->CodeIgniter\View\{closure}()
 2 SYSTEMPATH\Common.php(1134): CodeIgniter\View\View->render('treasure_crate', [], true)
 3 APPPATH\Controllers\User.php(171): view('treasure_crate')
 4 SYSTEMPATH\CodeIgniter.php(927): App\Controllers\User->treasure_crate()
 5 SYSTEMPATH\CodeIgniter.php(482): CodeIgniter\CodeIgniter->runController(Object(App\Controllers\User))
 6 SYSTEMPATH\CodeIgniter.php(351): CodeIgniter\CodeIgniter->handleRequest(null, Object(Config\Cache), false)
 7 FCPATH\index.php(68): CodeIgniter\CodeIgniter->run()
CRITICAL - 2022-12-10 13:12:37 --> syntax error, unexpected double-quoted string "</td>", expecting "," or ";"
in APPPATH\Views\treasure_crate.php on line 312.
 1 SYSTEMPATH\View\View.php(216): CodeIgniter\View\View->CodeIgniter\View\{closure}()
 2 SYSTEMPATH\Common.php(1134): CodeIgniter\View\View->render('treasure_crate', [], true)
 3 APPPATH\Controllers\User.php(171): view('treasure_crate')
 4 SYSTEMPATH\CodeIgniter.php(927): App\Controllers\User->treasure_crate()
 5 SYSTEMPATH\CodeIgniter.php(482): CodeIgniter\CodeIgniter->runController(Object(App\Controllers\User))
 6 SYSTEMPATH\CodeIgniter.php(351): CodeIgniter\CodeIgniter->handleRequest(null, Object(Config\Cache), false)
 7 FCPATH\index.php(68): CodeIgniter\CodeIgniter->run()
CRITICAL - 2022-12-10 13:14:38 --> syntax error, unexpected double-quoted string "</td>", expecting "," or ";"
in APPPATH\Views\treasure_crate.php on line 312.
 1 SYSTEMPATH\View\View.php(216): CodeIgniter\View\View->CodeIgniter\View\{closure}()
 2 SYSTEMPATH\Common.php(1134): CodeIgniter\View\View->render('treasure_crate', [], true)
 3 APPPATH\Controllers\User.php(171): view('treasure_crate')
 4 SYSTEMPATH\CodeIgniter.php(927): App\Controllers\User->treasure_crate()
 5 SYSTEMPATH\CodeIgniter.php(482): CodeIgniter\CodeIgniter->runController(Object(App\Controllers\User))
 6 SYSTEMPATH\CodeIgniter.php(351): CodeIgniter\CodeIgniter->handleRequest(null, Object(Config\Cache), false)
 7 FCPATH\index.php(68): CodeIgniter\CodeIgniter->run()
CRITICAL - 2022-12-10 13:14:45 --> syntax error, unexpected double-quoted string "</td>", expecting "," or ";"
in APPPATH\Views\treasure_crate.php on line 312.
 1 SYSTEMPATH\View\View.php(216): CodeIgniter\View\View->CodeIgniter\View\{closure}()
 2 SYSTEMPATH\Common.php(1134): CodeIgniter\View\View->render('treasure_crate', [], true)
 3 APPPATH\Controllers\User.php(171): view('treasure_crate')
 4 SYSTEMPATH\CodeIgniter.php(927): App\Controllers\User->treasure_crate()
 5 SYSTEMPATH\CodeIgniter.php(482): CodeIgniter\CodeIgniter->runController(Object(App\Controllers\User))
 6 SYSTEMPATH\CodeIgniter.php(351): CodeIgniter\CodeIgniter->handleRequest(null, Object(Config\Cache), false)
 7 FCPATH\index.php(68): CodeIgniter\CodeIgniter->run()
CRITICAL - 2022-12-10 13:14:47 --> syntax error, unexpected double-quoted string "</td>", expecting "," or ";"
in APPPATH\Views\treasure_crate.php on line 312.
 1 SYSTEMPATH\View\View.php(216): CodeIgniter\View\View->CodeIgniter\View\{closure}()
 2 SYSTEMPATH\Common.php(1134): CodeIgniter\View\View->render('treasure_crate', [], true)
 3 APPPATH\Controllers\User.php(171): view('treasure_crate')
 4 SYSTEMPATH\CodeIgniter.php(927): App\Controllers\User->treasure_crate()
 5 SYSTEMPATH\CodeIgniter.php(482): CodeIgniter\CodeIgniter->runController(Object(App\Controllers\User))
 6 SYSTEMPATH\CodeIgniter.php(351): CodeIgniter\CodeIgniter->handleRequest(null, Object(Config\Cache), false)
 7 FCPATH\index.php(68): CodeIgniter\CodeIgniter->run()
CRITICAL - 2022-12-10 13:16:20 --> Undefined array key "images"
in APPPATH\Views\treasure_crate.php on line 303.
 1 APPPATH\Views\treasure_crate.php(303): CodeIgniter\Debug\Exceptions->errorHandler(2, 'Undefined array key "images"', 'APPPATH\\Views\\treasure_crate.php', 303)
 2 SYSTEMPATH\View\View.php(213): include('APPPATH\\Views\\treasure_crate.php')
 3 SYSTEMPATH\View\View.php(216): CodeIgniter\View\View->CodeIgniter\View\{closure}()
 4 SYSTEMPATH\Common.php(1134): CodeIgniter\View\View->render('treasure_crate', [], true)
 5 APPPATH\Controllers\User.php(171): view('treasure_crate')
 6 SYSTEMPATH\CodeIgniter.php(927): App\Controllers\User->treasure_crate()
 7 SYSTEMPATH\CodeIgniter.php(482): CodeIgniter\CodeIgniter->runController(Object(App\Controllers\User))
 8 SYSTEMPATH\CodeIgniter.php(351): CodeIgniter\CodeIgniter->handleRequest(null, Object(Config\Cache), false)
 9 FCPATH\index.php(68): CodeIgniter\CodeIgniter->run()
CRITICAL - 2022-12-10 13:16:25 --> Undefined array key "images"
in APPPATH\Views\treasure_crate.php on line 303.
 1 APPPATH\Views\treasure_crate.php(303): CodeIgniter\Debug\Exceptions->errorHandler(2, 'Undefined array key "images"', 'APPPATH\\Views\\treasure_crate.php', 303)
 2 SYSTEMPATH\View\View.php(213): include('APPPATH\\Views\\treasure_crate.php')
 3 SYSTEMPATH\View\View.php(216): CodeIgniter\View\View->CodeIgniter\View\{closure}()
 4 SYSTEMPATH\Common.php(1134): CodeIgniter\View\View->render('treasure_crate', [], true)
 5 APPPATH\Controllers\User.php(171): view('treasure_crate')
 6 SYSTEMPATH\CodeIgniter.php(927): App\Controllers\User->treasure_crate()
 7 SYSTEMPATH\CodeIgniter.php(482): CodeIgniter\CodeIgniter->runController(Object(App\Controllers\User))
 8 SYSTEMPATH\CodeIgniter.php(351): CodeIgniter\CodeIgniter->handleRequest(null, Object(Config\Cache), false)
 9 FCPATH\index.php(68): CodeIgniter\CodeIgniter->run()
CRITICAL - 2022-12-10 13:17:03 --> Undefined array key "C:\xampp\htdocs\userlogin\images"
in APPPATH\Views\treasure_crate.php on line 303.
 1 APPPATH\Views\treasure_crate.php(303): CodeIgniter\Debug\Exceptions->errorHandler(2, 'Undefined array key "C:\\xampp\\htdocs\\userlogin\\images"', 'APPPATH\\Views\\treasure_crate.php', 303)
 2 SYSTEMPATH\View\View.php(213): include('APPPATH\\Views\\treasure_crate.php')
 3 SYSTEMPATH\View\View.php(216): CodeIgniter\View\View->CodeIgniter\View\{closure}()
 4 SYSTEMPATH\Common.php(1134): CodeIgniter\View\View->render('treasure_crate', [], true)
 5 APPPATH\Controllers\User.php(171): view('treasure_crate')
 6 SYSTEMPATH\CodeIgniter.php(927): App\Controllers\User->treasure_crate()
 7 SYSTEMPATH\CodeIgniter.php(482): CodeIgniter\CodeIgniter->runController(Object(App\Controllers\User))
 8 SYSTEMPATH\CodeIgniter.php(351): CodeIgniter\CodeIgniter->handleRequest(null, Object(Config\Cache), false)
 9 FCPATH\index.php(68): CodeIgniter\CodeIgniter->run()
CRITICAL - 2022-12-10 13:33:30 --> syntax error, unexpected token "else"
in APPPATH\Views\treasure_crate.php on line 320.
 1 SYSTEMPATH\View\View.php(216): CodeIgniter\View\View->CodeIgniter\View\{closure}()
 2 SYSTEMPATH\Common.php(1134): CodeIgniter\View\View->render('treasure_crate', [], true)
 3 APPPATH\Controllers\User.php(171): view('treasure_crate')
 4 SYSTEMPATH\CodeIgniter.php(927): App\Controllers\User->treasure_crate()
 5 SYSTEMPATH\CodeIgniter.php(482): CodeIgniter\CodeIgniter->runController(Object(App\Controllers\User))
 6 SYSTEMPATH\CodeIgniter.php(351): CodeIgniter\CodeIgniter->handleRequest(null, Object(Config\Cache), false)
 7 FCPATH\index.php(68): CodeIgniter\CodeIgniter->run()
CRITICAL - 2022-12-10 13:34:20 --> Allowed memory size of 536870912 bytes exhausted (tried to allocate 264257536 bytes)
in APPPATH\Views\treasure_crate.php on line 309.
 1 [internal function]: CodeIgniter\Debug\Exceptions->shutdownHandler()
CRITICAL - 2022-12-10 13:52:46 --> Undefined variable $select
in APPPATH\Views\treasure_crate.php on line 303.
 1 APPPATH\Views\treasure_crate.php(303): CodeIgniter\Debug\Exceptions->errorHandler(2, 'Undefined variable $select', 'APPPATH\\Views\\treasure_crate.php', 303)
 2 SYSTEMPATH\View\View.php(213): include('APPPATH\\Views\\treasure_crate.php')
 3 SYSTEMPATH\View\View.php(216): CodeIgniter\View\View->CodeIgniter\View\{closure}()
 4 SYSTEMPATH\Common.php(1134): CodeIgniter\View\View->render('treasure_crate', [], true)
 5 APPPATH\Controllers\User.php(171): view('treasure_crate')
 6 SYSTEMPATH\CodeIgniter.php(927): App\Controllers\User->treasure_crate()
 7 SYSTEMPATH\CodeIgniter.php(482): CodeIgniter\CodeIgniter->runController(Object(App\Controllers\User))
 8 SYSTEMPATH\CodeIgniter.php(351): CodeIgniter\CodeIgniter->handleRequest(null, Object(Config\Cache), false)
 9 FCPATH\index.php(68): CodeIgniter\CodeIgniter->run()
CRITICAL - 2022-12-10 13:53:12 --> Unknown column 'id' in 'where clause'
in APPPATH\Views\treasure_crate.php on line 303.
 1 APPPATH\Views\treasure_crate.php(303): mysqli->query('SELECT * FROM infopdf WHERE CONCAT(id,title, image) LIKE \'%%\' ')
 2 SYSTEMPATH\View\View.php(213): include('APPPATH\\Views\\treasure_crate.php')
 3 SYSTEMPATH\View\View.php(216): CodeIgniter\View\View->CodeIgniter\View\{closure}()
 4 SYSTEMPATH\Common.php(1134): CodeIgniter\View\View->render('treasure_crate', [], true)
 5 APPPATH\Controllers\User.php(171): view('treasure_crate')
 6 SYSTEMPATH\CodeIgniter.php(927): App\Controllers\User->treasure_crate()
 7 SYSTEMPATH\CodeIgniter.php(482): CodeIgniter\CodeIgniter->runController(Object(App\Controllers\User))
 8 SYSTEMPATH\CodeIgniter.php(351): CodeIgniter\CodeIgniter->handleRequest(null, Object(Config\Cache), false)
 9 FCPATH\index.php(68): CodeIgniter\CodeIgniter->run()
CRITICAL - 2022-12-10 13:53:32 --> syntax error, unexpected string content "", expecting "-" or identifier or variable or number
in APPPATH\Views\treasure_crate.php on line 320.
 1 SYSTEMPATH\View\View.php(216): CodeIgniter\View\View->CodeIgniter\View\{closure}()
 2 SYSTEMPATH\Common.php(1134): CodeIgniter\View\View->render('treasure_crate', [], true)
 3 APPPATH\Controllers\User.php(171): view('treasure_crate')
 4 SYSTEMPATH\CodeIgniter.php(927): App\Controllers\User->treasure_crate()
 5 SYSTEMPATH\CodeIgniter.php(482): CodeIgniter\CodeIgniter->runController(Object(App\Controllers\User))
 6 SYSTEMPATH\CodeIgniter.php(351): CodeIgniter\CodeIgniter->handleRequest(null, Object(Config\Cache), false)
 7 FCPATH\index.php(68): CodeIgniter\CodeIgniter->run()
CRITICAL - 2022-12-10 13:58:45 --> move_uploaded_file(images/1-s2.0-S2352484722017103-main.pdf): Failed to open stream: No such file or directory
in APPPATH\Views\treasure_crate.php on line 228.
 1 [internal function]: CodeIgniter\Debug\Exceptions->errorHandler(2, 'move_uploaded_file(images/1-s2.0-S2352484722017103-main.pdf): Failed to open stream: No such file or directory', 'APPPATH\\Views\\treasure_crate.php', 228)
 2 APPPATH\Views\treasure_crate.php(228): move_uploaded_file('C:\\xampp\\tmp\\phpD910.tmp', 'images/1-s2.0-S2352484722017103-main.pdf')
 3 SYSTEMPATH\View\View.php(213): include('APPPATH\\Views\\treasure_crate.php')
 4 SYSTEMPATH\View\View.php(216): CodeIgniter\View\View->CodeIgniter\View\{closure}()
 5 SYSTEMPATH\Common.php(1134): CodeIgniter\View\View->render('treasure_crate', [], true)
 6 APPPATH\Controllers\User.php(171): view('treasure_crate')
 7 SYSTEMPATH\CodeIgniter.php(927): App\Controllers\User->treasure_crate()
 8 SYSTEMPATH\CodeIgniter.php(482): CodeIgniter\CodeIgniter->runController(Object(App\Controllers\User))
 9 SYSTEMPATH\CodeIgniter.php(351): CodeIgniter\CodeIgniter->handleRequest(null, Object(Config\Cache), false)
10 FCPATH\index.php(68): CodeIgniter\CodeIgniter->run()
CRITICAL - 2022-12-10 14:02:31 --> move_uploaded_file(images/fileup-image (1).bin): Failed to open stream: No such file or directory
in APPPATH\Views\treasure_crate.php on line 228.
 1 [internal function]: CodeIgniter\Debug\Exceptions->errorHandler(2, 'move_uploaded_file(images/fileup-image (1).bin): Failed to open stream: No such file or directory', 'APPPATH\\Views\\treasure_crate.php', 228)
 2 APPPATH\Views\treasure_crate.php(228): move_uploaded_file('C:\\xampp\\tmp\\php4A2E.tmp', 'images/fileup-image (1).bin')
 3 SYSTEMPATH\View\View.php(213): include('APPPATH\\Views\\treasure_crate.php')
 4 SYSTEMPATH\View\View.php(216): CodeIgniter\View\View->CodeIgniter\View\{closure}()
 5 SYSTEMPATH\Common.php(1134): CodeIgniter\View\View->render('treasure_crate', [], true)
 6 APPPATH\Controllers\User.php(171): view('treasure_crate')
 7 SYSTEMPATH\CodeIgniter.php(927): App\Controllers\User->treasure_crate()
 8 SYSTEMPATH\CodeIgniter.php(482): CodeIgniter\CodeIgniter->runController(Object(App\Controllers\User))
 9 SYSTEMPATH\CodeIgniter.php(351): CodeIgniter\CodeIgniter->handleRequest(null, Object(Config\Cache), false)
10 FCPATH\index.php(68): CodeIgniter\CodeIgniter->run()
CRITICAL - 2022-12-10 14:39:44 --> Undefined array key "data"
in APPPATH\Views\treasure_crate.php on line 219.
 1 APPPATH\Views\treasure_crate.php(219): CodeIgniter\Debug\Exceptions->errorHandler(2, 'Undefined array key "data"', 'APPPATH\\Views\\treasure_crate.php', 219)
 2 SYSTEMPATH\View\View.php(213): include('APPPATH\\Views\\treasure_crate.php')
 3 SYSTEMPATH\View\View.php(216): CodeIgniter\View\View->CodeIgniter\View\{closure}()
 4 SYSTEMPATH\Common.php(1134): CodeIgniter\View\View->render('treasure_crate', [], true)
 5 APPPATH\Controllers\User.php(171): view('treasure_crate')
 6 SYSTEMPATH\CodeIgniter.php(927): App\Controllers\User->treasure_crate()
 7 SYSTEMPATH\CodeIgniter.php(482): CodeIgniter\CodeIgniter->runController(Object(App\Controllers\User))
 8 SYSTEMPATH\CodeIgniter.php(351): CodeIgniter\CodeIgniter->handleRequest(null, Object(Config\Cache), false)
 9 FCPATH\index.php(68): CodeIgniter\CodeIgniter->run()
CRITICAL - 2022-12-10 14:53:30 --> Unknown database 'phptutorials'
in APPPATH\Views\treasure_crate.php on line 319.
 1 APPPATH\Views\treasure_crate.php(319): mysqli_connect('localhost', 'root', 'C:\\xampp\\htdocs\\userlogin', 'phptutorials')
 2 SYSTEMPATH\View\View.php(213): include('APPPATH\\Views\\treasure_crate.php')
 3 SYSTEMPATH\View\View.php(216): CodeIgniter\View\View->CodeIgniter\View\{closure}()
 4 SYSTEMPATH\Common.php(1134): CodeIgniter\View\View->render('treasure_crate', [], true)
 5 APPPATH\Controllers\User.php(171): view('treasure_crate')
 6 SYSTEMPATH\CodeIgniter.php(927): App\Controllers\User->treasure_crate()
 7 SYSTEMPATH\CodeIgniter.php(482): CodeIgniter\CodeIgniter->runController(Object(App\Controllers\User))
 8 SYSTEMPATH\CodeIgniter.php(351): CodeIgniter\CodeIgniter->handleRequest(null, Object(Config\Cache), false)
 9 FCPATH\index.php(68): CodeIgniter\CodeIgniter->run()
CRITICAL - 2022-12-10 14:53:44 --> Unknown database 'fileup'
in APPPATH\Views\treasure_crate.php on line 319.
 1 APPPATH\Views\treasure_crate.php(319): mysqli_connect('localhost', 'root', 'C:\\xampp\\htdocs\\userlogin', 'fileup')
 2 SYSTEMPATH\View\View.php(213): include('APPPATH\\Views\\treasure_crate.php')
 3 SYSTEMPATH\View\View.php(216): CodeIgniter\View\View->CodeIgniter\View\{closure}()
 4 SYSTEMPATH\Common.php(1134): CodeIgniter\View\View->render('treasure_crate', [], true)
 5 APPPATH\Controllers\User.php(171): view('treasure_crate')
 6 SYSTEMPATH\CodeIgniter.php(927): App\Controllers\User->treasure_crate()
 7 SYSTEMPATH\CodeIgniter.php(482): CodeIgniter\CodeIgniter->runController(Object(App\Controllers\User))
 8 SYSTEMPATH\CodeIgniter.php(351): CodeIgniter\CodeIgniter->handleRequest(null, Object(Config\Cache), false)
 9 FCPATH\index.php(68): CodeIgniter\CodeIgniter->run()
CRITICAL - 2022-12-10 14:54:19 --> Unknown column 'firstname' in 'where clause'
in APPPATH\Views\treasure_crate.php on line 325.
 1 APPPATH\Views\treasure_crate.php(325): mysqli_query(Object(mysqli), 'SELECT * FROM users WHERE CONCAT(firstname,lastname,email) LIKE \'%%\' ')
 2 SYSTEMPATH\View\View.php(213): include('APPPATH\\Views\\treasure_crate.php')
 3 SYSTEMPATH\View\View.php(216): CodeIgniter\View\View->CodeIgniter\View\{closure}()
 4 SYSTEMPATH\Common.php(1134): CodeIgniter\View\View->render('treasure_crate', [], true)
 5 APPPATH\Controllers\User.php(171): view('treasure_crate')
 6 SYSTEMPATH\CodeIgniter.php(927): App\Controllers\User->treasure_crate()
 7 SYSTEMPATH\CodeIgniter.php(482): CodeIgniter\CodeIgniter->runController(Object(App\Controllers\User))
 8 SYSTEMPATH\CodeIgniter.php(351): CodeIgniter\CodeIgniter->handleRequest(null, Object(Config\Cache), false)
 9 FCPATH\index.php(68): CodeIgniter\CodeIgniter->run()
CRITICAL - 2022-12-10 15:08:08 --> Undefined array key "file"
in APPPATH\Views\treasure_crate.php on line 226.
 1 APPPATH\Views\treasure_crate.php(226): CodeIgniter\Debug\Exceptions->errorHandler(2, 'Undefined array key "file"', 'APPPATH\\Views\\treasure_crate.php', 226)
 2 SYSTEMPATH\View\View.php(213): include('APPPATH\\Views\\treasure_crate.php')
 3 SYSTEMPATH\View\View.php(216): CodeIgniter\View\View->CodeIgniter\View\{closure}()
 4 SYSTEMPATH\Common.php(1134): CodeIgniter\View\View->render('treasure_crate', [], true)
 5 APPPATH\Controllers\User.php(171): view('treasure_crate')
 6 SYSTEMPATH\CodeIgniter.php(927): App\Controllers\User->treasure_crate()
 7 SYSTEMPATH\CodeIgniter.php(482): CodeIgniter\CodeIgniter->runController(Object(App\Controllers\User))
 8 SYSTEMPATH\CodeIgniter.php(351): CodeIgniter\CodeIgniter->handleRequest(null, Object(Config\Cache), false)
 9 FCPATH\index.php(68): CodeIgniter\CodeIgniter->run()
CRITICAL - 2022-12-10 15:08:37 --> Undefined variable $pname
in APPPATH\Views\treasure_crate.php on line 229.
 1 APPPATH\Views\treasure_crate.php(229): CodeIgniter\Debug\Exceptions->errorHandler(2, 'Undefined variable $pname', 'APPPATH\\Views\\treasure_crate.php', 229)
 2 SYSTEMPATH\View\View.php(213): include('APPPATH\\Views\\treasure_crate.php')
 3 SYSTEMPATH\View\View.php(216): CodeIgniter\View\View->CodeIgniter\View\{closure}()
 4 SYSTEMPATH\Common.php(1134): CodeIgniter\View\View->render('treasure_crate', [], true)
 5 APPPATH\Controllers\User.php(171): view('treasure_crate')
 6 SYSTEMPATH\CodeIgniter.php(927): App\Controllers\User->treasure_crate()
 7 SYSTEMPATH\CodeIgniter.php(482): CodeIgniter\CodeIgniter->runController(Object(App\Controllers\User))
 8 SYSTEMPATH\CodeIgniter.php(351): CodeIgniter\CodeIgniter->handleRequest(null, Object(Config\Cache), false)
 9 FCPATH\index.php(68): CodeIgniter\CodeIgniter->run()
CRITICAL - 2022-12-10 15:09:21 --> Unknown column 'data' in 'field list'
in APPPATH\Views\treasure_crate.php on line 231.
 1 APPPATH\Views\treasure_crate.php(231): mysqli_query(Object(mysqli), 'INSERT into fileup(title,data) VALUES(\'jhjhjhj\',\'grrrrrr\')')
 2 SYSTEMPATH\View\View.php(213): include('APPPATH\\Views\\treasure_crate.php')
 3 SYSTEMPATH\View\View.php(216): CodeIgniter\View\View->CodeIgniter\View\{closure}()
 4 SYSTEMPATH\Common.php(1134): CodeIgniter\View\View->render('treasure_crate', [], true)
 5 APPPATH\Controllers\User.php(171): view('treasure_crate')
 6 SYSTEMPATH\CodeIgniter.php(927): App\Controllers\User->treasure_crate()
 7 SYSTEMPATH\CodeIgniter.php(482): CodeIgniter\CodeIgniter->runController(Object(App\Controllers\User))
 8 SYSTEMPATH\CodeIgniter.php(351): CodeIgniter\CodeIgniter->handleRequest(null, Object(Config\Cache), false)
 9 FCPATH\index.php(68): CodeIgniter\CodeIgniter->run()
CRITICAL - 2022-12-10 15:09:55 --> Undefined array key "data"
in APPPATH\Views\treasure_crate.php on line 312.
 1 APPPATH\Views\treasure_crate.php(312): CodeIgniter\Debug\Exceptions->errorHandler(2, 'Undefined array key "data"', 'APPPATH\\Views\\treasure_crate.php', 312)
 2 SYSTEMPATH\View\View.php(213): include('APPPATH\\Views\\treasure_crate.php')
 3 SYSTEMPATH\View\View.php(216): CodeIgniter\View\View->CodeIgniter\View\{closure}()
 4 SYSTEMPATH\Common.php(1134): CodeIgniter\View\View->render('treasure_crate', [], true)
 5 APPPATH\Controllers\User.php(171): view('treasure_crate')
 6 SYSTEMPATH\CodeIgniter.php(927): App\Controllers\User->treasure_crate()
 7 SYSTEMPATH\CodeIgniter.php(482): CodeIgniter\CodeIgniter->runController(Object(App\Controllers\User))
 8 SYSTEMPATH\CodeIgniter.php(351): CodeIgniter\CodeIgniter->handleRequest(null, Object(Config\Cache), false)
 9 FCPATH\index.php(68): CodeIgniter\CodeIgniter->run()
CRITICAL - 2022-12-10 15:12:51 --> You have an error in your SQL syntax; check the manual that corresponds to your MariaDB server version for the right syntax to use near 's standard dummy text ever since the 1500s, when an unknown printer took a ga...' at line 1
in APPPATH\Views\treasure_crate.php on line 231.
 1 APPPATH\Views\treasure_crate.php(231): mysqli_query(Object(mysqli), 'INSERT into fileup(title,image) VALUES(\'this is test\',\'Lorem Ipsum is simply dummy text of the printing and typesetting industry. Lorem Ipsum has been the industry\'s standard dummy text ever since the 1500s, when an unknown printer took a galley of type and scrambled it to make a type specimen book. It has survived not only five centuries, but also the leap into electronic typesetting, remaining essentially unchanged. It was popularised in the 1960s with the release of Letraset sheets containing Lorem Ipsum passages, and more recently with desktop publishing software like Aldus PageMaker including versions of Lorem Ipsum.\')')
 2 SYSTEMPATH\View\View.php(213): include('APPPATH\\Views\\treasure_crate.php')
 3 SYSTEMPATH\View\View.php(216): CodeIgniter\View\View->CodeIgniter\View\{closure}()
 4 SYSTEMPATH\Common.php(1134): CodeIgniter\View\View->render('treasure_crate', [], true)
 5 APPPATH\Controllers\User.php(171): view('treasure_crate')
 6 SYSTEMPATH\CodeIgniter.php(927): App\Controllers\User->treasure_crate()
 7 SYSTEMPATH\CodeIgniter.php(482): CodeIgniter\CodeIgniter->runController(Object(App\Controllers\User))
 8 SYSTEMPATH\CodeIgniter.php(351): CodeIgniter\CodeIgniter->handleRequest(null, Object(Config\Cache), false)
 9 FCPATH\index.php(68): CodeIgniter\CodeIgniter->run()
CRITICAL - 2022-12-10 15:14:23 --> You have an error in your SQL syntax; check the manual that corresponds to your MariaDB server version for the right syntax to use near 's standard dummy text ever since the 1500s, when an unknown printer took a ga...' at line 1
in APPPATH\Views\treasure_crate.php on line 231.
 1 APPPATH\Views\treasure_crate.php(231): mysqli_query(Object(mysqli), 'INSERT into fileup(title,image) VALUES(\'this is test\',\'Lorem Ipsum is simply dummy text of the printing and typesetting industry. Lorem Ipsum has been the industry\'s standard dummy text ever since the 1500s, when an unknown printer took a galley of type and scrambled it to make a type specimen book. It has survived not only five centuries, but also the leap into electronic typesetting, remaining essentially unchanged. It was popularised in the 1960s with the release of Letraset sheets containing Lorem Ipsum passages, and more recently with desktop publishing software like Aldus PageMaker including versions of Lorem Ipsum.\')')
 2 SYSTEMPATH\View\View.php(213): include('APPPATH\\Views\\treasure_crate.php')
 3 SYSTEMPATH\View\View.php(216): CodeIgniter\View\View->CodeIgniter\View\{closure}()
 4 SYSTEMPATH\Common.php(1134): CodeIgniter\View\View->render('treasure_crate', [], true)
 5 APPPATH\Controllers\User.php(171): view('treasure_crate')
 6 SYSTEMPATH\CodeIgniter.php(927): App\Controllers\User->treasure_crate()
 7 SYSTEMPATH\CodeIgniter.php(482): CodeIgniter\CodeIgniter->runController(Object(App\Controllers\User))
 8 SYSTEMPATH\CodeIgniter.php(351): CodeIgniter\CodeIgniter->handleRequest(null, Object(Config\Cache), false)
 9 FCPATH\index.php(68): CodeIgniter\CodeIgniter->run()
CRITICAL - 2022-12-10 15:15:23 --> You have an error in your SQL syntax; check the manual that corresponds to your MariaDB server version for the right syntax to use near 's standard dummy text ever since the 1500s, when an unknown printer took a ga...' at line 1
in APPPATH\Views\treasure_crate.php on line 231.
 1 APPPATH\Views\treasure_crate.php(231): mysqli_query(Object(mysqli), 'INSERT into fileup(title,image) VALUES(\'this is test\',\'Lorem Ipsum is simply dummy text of the printing and typesetting industry. Lorem Ipsum has been the industry\'s standard dummy text ever since the 1500s, when an unknown printer took a galley of type and scrambled it to make a type specimen book. It has survived not only five centuries, but also the leap into electronic typesetting, remaining essentially unchanged. It was popularised in the 1960s with the release of Letraset sheets containing Lorem Ipsum passages, and more recently with desktop publishing software like Aldus PageMaker including versions of Lorem Ipsum.\')')
 2 SYSTEMPATH\View\View.php(213): include('APPPATH\\Views\\treasure_crate.php')
 3 SYSTEMPATH\View\View.php(216): CodeIgniter\View\View->CodeIgniter\View\{closure}()
 4 SYSTEMPATH\Common.php(1134): CodeIgniter\View\View->render('treasure_crate', [], true)
 5 APPPATH\Controllers\User.php(171): view('treasure_crate')
 6 SYSTEMPATH\CodeIgniter.php(927): App\Controllers\User->treasure_crate()
 7 SYSTEMPATH\CodeIgniter.php(482): CodeIgniter\CodeIgniter->runController(Object(App\Controllers\User))
 8 SYSTEMPATH\CodeIgniter.php(351): CodeIgniter\CodeIgniter->handleRequest(null, Object(Config\Cache), false)
 9 FCPATH\index.php(68): CodeIgniter\CodeIgniter->run()
CRITICAL - 2022-12-10 15:22:06 --> Invalid file: welcome_message.php
in SYSTEMPATH\Exceptions\FrameworkException.php on line 33.
 1 SYSTEMPATH\View\View.php(201): CodeIgniter\Exceptions\FrameworkException::forInvalidFile('welcome_message.php')
 2 SYSTEMPATH\Common.php(1134): CodeIgniter\View\View->render('welcome_message', [], true)
 3 APPPATH\Controllers\Home.php(9): view('welcome_message')
 4 SYSTEMPATH\CodeIgniter.php(927): App\Controllers\Home->index()
 5 SYSTEMPATH\CodeIgniter.php(482): CodeIgniter\CodeIgniter->runController(Object(App\Controllers\Home))
 6 SYSTEMPATH\CodeIgniter.php(351): CodeIgniter\CodeIgniter->handleRequest(null, Object(Config\Cache), false)
 7 FCPATH\index.php(68): CodeIgniter\CodeIgniter->run()
