CRITICAL - 2022-12-08 08:52:00 --> Unknown database 'codeflix'
in APPPATH\Views\treasure_crate.php on line 195.
 1 APPPATH\Views\treasure_crate.php(195): mysqli_connect('localhost', 'root', 'C:\\xampp\\htdocs\\userlogin', 'CodeFlix')
 2 SYSTEMPATH\View\View.php(213): include('APPPATH\\Views\\treasure_crate.php')
 3 SYSTEMPATH\View\View.php(216): CodeIgniter\View\View->CodeIgniter\View\{closure}()
 4 SYSTEMPATH\Common.php(1134): CodeIgniter\View\View->render('treasure_crate', [], true)
 5 APPPATH\Controllers\User.php(171): view('treasure_crate')
 6 SYSTEMPATH\CodeIgniter.php(927): App\Controllers\User->treasure_crate()
 7 SYSTEMPATH\CodeIgniter.php(482): CodeIgniter\CodeIgniter->runController(Object(App\Controllers\User))
 8 SYSTEMPATH\CodeIgniter.php(351): CodeIgniter\CodeIgniter->handleRequest(null, Object(Config\Cache), false)
 9 FCPATH\index.php(68): CodeIgniter\CodeIgniter->run()
CRITICAL - 2022-12-08 09:05:47 --> Unknown database 'codeflix'
in APPPATH\Views\treasure_crate.php on line 195.
 1 APPPATH\Views\treasure_crate.php(195): mysqli_connect('localhost', 'root', 'C:\\xampp\\htdocs\\userlogin', 'CodeFlix')
 2 SYSTEMPATH\View\View.php(213): include('APPPATH\\Views\\treasure_crate.php')
 3 SYSTEMPATH\View\View.php(216): CodeIgniter\View\View->CodeIgniter\View\{closure}()
 4 SYSTEMPATH\Common.php(1134): CodeIgniter\View\View->render('treasure_crate', [], true)
 5 APPPATH\Controllers\User.php(171): view('treasure_crate')
 6 SYSTEMPATH\CodeIgniter.php(927): App\Controllers\User->treasure_crate()
 7 SYSTEMPATH\CodeIgniter.php(482): CodeIgniter\CodeIgniter->runController(Object(App\Controllers\User))
 8 SYSTEMPATH\CodeIgniter.php(351): CodeIgniter\CodeIgniter->handleRequest(null, Object(Config\Cache), false)
 9 FCPATH\index.php(68): CodeIgniter\CodeIgniter->run()
CRITICAL - 2022-12-08 09:10:29 --> move_uploaded_file(images/1050-WhatsApp_Image_2022-12-06_at_11.51.50_AM-removebg-preview (1).png): Failed to open stream: No such file or directory
in APPPATH\Views\treasure_crate.php on line 211.
 1 [internal function]: CodeIgniter\Debug\Exceptions->errorHandler(2, 'move_uploaded_file(images/1050-WhatsApp_Image_2022-12-06_at_11.51.50_AM-removebg-preview (1).png): Failed to open stream: No such file or directory', 'APPPATH\\Views\\treasure_crate.php', 211)
 2 APPPATH\Views\treasure_crate.php(211): move_uploaded_file('C:\\xampp\\tmp\\php2BCE.tmp', 'images/1050-WhatsApp_Image_2022-12-06_at_11.51.50_AM-removebg-preview (1).png')
 3 SYSTEMPATH\View\View.php(213): include('APPPATH\\Views\\treasure_crate.php')
 4 SYSTEMPATH\View\View.php(216): CodeIgniter\View\View->CodeIgniter\View\{closure}()
 5 SYSTEMPATH\Common.php(1134): CodeIgniter\View\View->render('treasure_crate', [], true)
 6 APPPATH\Controllers\User.php(171): view('treasure_crate')
 7 SYSTEMPATH\CodeIgniter.php(927): App\Controllers\User->treasure_crate()
 8 SYSTEMPATH\CodeIgniter.php(482): CodeIgniter\CodeIgniter->runController(Object(App\Controllers\User))
 9 SYSTEMPATH\CodeIgniter.php(351): CodeIgniter\CodeIgniter->handleRequest(null, Object(Config\Cache), false)
10 FCPATH\index.php(68): CodeIgniter\CodeIgniter->run()
CRITICAL - 2022-12-08 09:15:28 --> Table 'upload.fileup' doesn't exist
in APPPATH\Views\treasure_crate.php on line 216.
 1 APPPATH\Views\treasure_crate.php(216): mysqli_query(Object(mysqli), 'INSERT into fileup(title,image) VALUES(\'\',\'1730-WhatsApp_Image_2022-12-06_at_11.51.50_AM-removebg-preview (1).png\')')
 2 SYSTEMPATH\View\View.php(213): include('APPPATH\\Views\\treasure_crate.php')
 3 SYSTEMPATH\View\View.php(216): CodeIgniter\View\View->CodeIgniter\View\{closure}()
 4 SYSTEMPATH\Common.php(1134): CodeIgniter\View\View->render('treasure_crate', [], true)
 5 APPPATH\Controllers\User.php(171): view('treasure_crate')
 6 SYSTEMPATH\CodeIgniter.php(927): App\Controllers\User->treasure_crate()
 7 SYSTEMPATH\CodeIgniter.php(482): CodeIgniter\CodeIgniter->runController(Object(App\Controllers\User))
 8 SYSTEMPATH\CodeIgniter.php(351): CodeIgniter\CodeIgniter->handleRequest(null, Object(Config\Cache), false)
 9 FCPATH\index.php(68): CodeIgniter\CodeIgniter->run()
CRITICAL - 2022-12-08 09:25:04 --> Undefined array key "title"
in APPPATH\Views\treasure_crate.php on line 203.
 1 APPPATH\Views\treasure_crate.php(203): CodeIgniter\Debug\Exceptions->errorHandler(2, 'Undefined array key "title"', 'APPPATH\\Views\\treasure_crate.php', 203)
 2 SYSTEMPATH\View\View.php(213): include('APPPATH\\Views\\treasure_crate.php')
 3 SYSTEMPATH\View\View.php(216): CodeIgniter\View\View->CodeIgniter\View\{closure}()
 4 SYSTEMPATH\Common.php(1134): CodeIgniter\View\View->render('treasure_crate', [], true)
 5 APPPATH\Controllers\User.php(171): view('treasure_crate')
 6 SYSTEMPATH\CodeIgniter.php(927): App\Controllers\User->treasure_crate()
 7 SYSTEMPATH\CodeIgniter.php(482): CodeIgniter\CodeIgniter->runController(Object(App\Controllers\User))
 8 SYSTEMPATH\CodeIgniter.php(351): CodeIgniter\CodeIgniter->handleRequest(null, Object(Config\Cache), false)
 9 FCPATH\index.php(68): CodeIgniter\CodeIgniter->run()
CRITICAL - 2022-12-08 09:25:30 --> Undefined array key "awt6"
in APPPATH\Views\treasure_crate.php on line 203.
 1 APPPATH\Views\treasure_crate.php(203): CodeIgniter\Debug\Exceptions->errorHandler(2, 'Undefined array key "awt6"', 'APPPATH\\Views\\treasure_crate.php', 203)
 2 SYSTEMPATH\View\View.php(213): include('APPPATH\\Views\\treasure_crate.php')
 3 SYSTEMPATH\View\View.php(216): CodeIgniter\View\View->CodeIgniter\View\{closure}()
 4 SYSTEMPATH\Common.php(1134): CodeIgniter\View\View->render('treasure_crate', [], true)
 5 APPPATH\Controllers\User.php(171): view('treasure_crate')
 6 SYSTEMPATH\CodeIgniter.php(927): App\Controllers\User->treasure_crate()
 7 SYSTEMPATH\CodeIgniter.php(482): CodeIgniter\CodeIgniter->runController(Object(App\Controllers\User))
 8 SYSTEMPATH\CodeIgniter.php(351): CodeIgniter\CodeIgniter->handleRequest(null, Object(Config\Cache), false)
 9 FCPATH\index.php(68): CodeIgniter\CodeIgniter->run()
CRITICAL - 2022-12-08 09:25:50 --> Undefined array key "awt6"
in APPPATH\Views\treasure_crate.php on line 203.
 1 APPPATH\Views\treasure_crate.php(203): CodeIgniter\Debug\Exceptions->errorHandler(2, 'Undefined array key "awt6"', 'APPPATH\\Views\\treasure_crate.php', 203)
 2 SYSTEMPATH\View\View.php(213): include('APPPATH\\Views\\treasure_crate.php')
 3 SYSTEMPATH\View\View.php(216): CodeIgniter\View\View->CodeIgniter\View\{closure}()
 4 SYSTEMPATH\Common.php(1134): CodeIgniter\View\View->render('treasure_crate', [], true)
 5 APPPATH\Controllers\User.php(171): view('treasure_crate')
 6 SYSTEMPATH\CodeIgniter.php(927): App\Controllers\User->treasure_crate()
 7 SYSTEMPATH\CodeIgniter.php(482): CodeIgniter\CodeIgniter->runController(Object(App\Controllers\User))
 8 SYSTEMPATH\CodeIgniter.php(351): CodeIgniter\CodeIgniter->handleRequest(null, Object(Config\Cache), false)
 9 FCPATH\index.php(68): CodeIgniter\CodeIgniter->run()
